app/build/intermediates/manifest_merge_blame_file/debug/manifest-merger-blame-debug-report.txt
1<?xml version="1.0" encoding="utf-8"?>
2<manifest xmlns:android="http://schemas.android.com/apk/res/android"
3    package="templateprj.ulip.hkbu.com.templateproject"
4    android:versionCode="7"
5    android:versionName="1.2" >
6
7    <uses-sdk
8        android:minSdkVersion="19"
8-->src/main/AndroidManifest.xml
9        android:targetSdkVersion="23" />
9-->src/main/AndroidManifest.xml
10
11    <uses-feature
11-->src/main/AndroidManifest.xml:5:5-7:35
12        android:name="android.hardware.camera"
12-->src/main/AndroidManifest.xml:6:9-47
13        android:required="true" />
13-->src/main/AndroidManifest.xml:7:9-32
14
15    <application
15-->src/main/AndroidManifest.xml:9:5-38:19
16        android:allowBackup="true"
16-->src/main/AndroidManifest.xml:10:9-35
17        android:debuggable="true"
18        android:icon="@mipmap/ic_launcher"
18-->src/main/AndroidManifest.xml:11:9-43
19        android:label="@string/app_name"
19-->src/main/AndroidManifest.xml:12:9-41
20        android:supportsRtl="true"
20-->src/main/AndroidManifest.xml:13:9-35
21        android:testOnly="true"
22        android:theme="@style/AppTheme" >
22-->src/main/AndroidManifest.xml:14:9-40
23        <activity android:name="templateprj.ulip.hkbu.com.templateproject.splash.MainActivity" >
23-->src/main/AndroidManifest.xml:15:9-21:20
23-->src/main/AndroidManifest.xml:15:19-54
24            <intent-filter>
24-->src/main/AndroidManifest.xml:16:13-20:29
25                <action android:name="android.intent.action.MAIN" />
25-->src/main/AndroidManifest.xml:17:17-69
25-->src/main/AndroidManifest.xml:17:25-66
26
27                <category android:name="android.intent.category.LAUNCHER" />
27-->src/main/AndroidManifest.xml:19:17-77
27-->src/main/AndroidManifest.xml:19:27-74
28            </intent-filter>
29        </activity>
30        <activity android:name="templateprj.ulip.hkbu.com.templateproject.splash.WTAActivity" />
30-->src/main/AndroidManifest.xml:22:9-56
30-->src/main/AndroidManifest.xml:22:19-53
31        <activity android:name="templateprj.ulip.hkbu.com.templateproject.splash.AgreeActivity" />
31-->src/main/AndroidManifest.xml:23:9-58
31-->src/main/AndroidManifest.xml:23:19-55
32        <activity android:name="templateprj.ulip.hkbu.com.templateproject.TemplateActivity" />
32-->src/main/AndroidManifest.xml:24:9-54
32-->src/main/AndroidManifest.xml:24:19-51
33        <activity android:name="templateprj.ulip.hkbu.com.templateproject.HomeActivity" />
33-->src/main/AndroidManifest.xml:25:9-50
33-->src/main/AndroidManifest.xml:25:19-47
34        <activity android:name="templateprj.ulip.hkbu.com.templateproject.splash.PasswordActivity" />
34-->src/main/AndroidManifest.xml:26:9-61
34-->src/main/AndroidManifest.xml:26:19-58
35        <activity android:name="templateprj.ulip.hkbu.com.templateproject.splash.WTA2Activity" />
35-->src/main/AndroidManifest.xml:27:9-57
35-->src/main/AndroidManifest.xml:27:19-54
36        <activity android:name="templateprj.ulip.hkbu.com.templateproject.splash.AboutActivity" />
36-->src/main/AndroidManifest.xml:28:9-58
36-->src/main/AndroidManifest.xml:28:19-55
37        <activity android:name="templateprj.ulip.hkbu.com.templateproject.splash.UniversityActivity" />
37-->src/main/AndroidManifest.xml:29:9-63
37-->src/main/AndroidManifest.xml:29:19-60
38        <activity android:name="templateprj.ulip.hkbu.com.templateproject.GlossaryActivity" />
38-->src/main/AndroidManifest.xml:30:9-54
38-->src/main/AndroidManifest.xml:30:19-51
39        <activity android:name="templateprj.ulip.hkbu.com.templateproject.GameActivity" />
39-->src/main/AndroidManifest.xml:31:9-50
39-->src/main/AndroidManifest.xml:31:19-47
40        <activity android:name="templateprj.ulip.hkbu.com.templateproject.BookmarkActivity" />
40-->src/main/AndroidManifest.xml:32:9-54
40-->src/main/AndroidManifest.xml:32:19-51
41        <activity android:name="templateprj.ulip.hkbu.com.templateproject.MultipleChoiceActivity" />
41-->src/main/AndroidManifest.xml:33:9-60
41-->src/main/AndroidManifest.xml:33:19-57
42        <activity android:name="templateprj.ulip.hkbu.com.templateproject.TypeTranslationActivity" />
42-->src/main/AndroidManifest.xml:34:9-61
42-->src/main/AndroidManifest.xml:34:19-58
43        <activity android:name="templateprj.ulip.hkbu.com.templateproject.GlossaryDetailActivity" />
43-->src/main/AndroidManifest.xml:35:9-60
43-->src/main/AndroidManifest.xml:35:19-57
44        <activity android:name="templateprj.ulip.hkbu.com.templateproject.ResultActivity" />
44-->src/main/AndroidManifest.xml:36:9-52
44-->src/main/AndroidManifest.xml:36:19-49
45        <activity android:name="templateprj.ulip.hkbu.com.templateproject.BookmarksHelper" />
45-->src/main/AndroidManifest.xml:37:9-62
45-->src/main/AndroidManifest.xml:37:19-50
46    </application>
47
48</manifest>